[2025-03-01 01:52:06] INFO: GET /jj 404 - 1.973 ms
[2025-03-01 02:03:25] INFO: GET /jj 404 - 1.962 ms
[2025-03-01 02:03:40] INFO: GET /jj 404 - 0.332 ms
[2025-03-01 02:03:42] INFO: GET /jj 404 - 0.291 ms
[2025-03-01 02:03:43] INFO: GET /jj 404 - 0.273 ms
[2025-03-02 12:27:44] INFO: POST //user/register 404 - 2.594 ms
[2025-03-02 12:32:39] INFO: POST //user/register 404 - 2.842 ms
[2025-03-02 12:32:54] INFO: POST /user/register 500 - 10.796 ms
[2025-03-02 12:33:54] INFO: POST //user/register 404 - 2.114 ms
[2025-03-02 12:34:00] INFO: POST //user/register 404 - 0.289 ms
[2025-03-02 12:35:31] INFO: POST //user/register 404 - 1.947 ms
[2025-03-02 12:36:27] INFO: POST //user/register 404 - 2.400 ms
[2025-03-02 12:36:31] INFO: POST //user/register 404 - 0.333 ms
[2025-03-02 12:37:46] INFO: POST /user/register undefined - undefined ms
[2025-03-02 12:46:23] INFO: POST /user/register 400 - 9.645 ms
[2025-03-02 12:47:10] INFO: POST /user/register 400 - 11.694 ms
[2025-03-02 12:48:46] INFO: POST /user/register 400 - 12.320 ms
[2025-03-02 12:48:53] INFO: POST /user/register 200 - 162.673 ms
[2025-03-02 12:49:12] INFO: POST /user/register 500 - 600.078 ms
[2025-03-02 12:49:33] INFO: POST /user/register 200 - 141.816 ms
[2025-03-02 12:52:33] INFO: POST /user/register 500 - 1228.417 ms
[2025-03-02 12:59:32] INFO: POST /user/register 400 - 158.602 ms
[2025-03-02 12:59:37] INFO: POST /user/register 400 - 132.510 ms
[2025-03-02 12:59:57] INFO: POST /user/register 200 - 279.105 ms
[2025-03-02 13:04:31] INFO: POST /user/register 400 - 150.956 ms
[2025-03-02 13:04:36] INFO: POST /user/register 200 - 339.207 ms
[2025-03-02 13:04:52] INFO: POST /user/register 200 - 307.102 ms
[2025-03-02 13:07:11] INFO: POST /user/register 400 - 220.897 ms
[2025-03-02 13:08:04] INFO: POST /user/register 400 - 263.067 ms
[2025-03-02 13:08:06] INFO: POST /user/register 400 - 198.438 ms
[2025-03-02 13:09:23] INFO: POST /user/register 400 - 326.252 ms
[2025-03-02 13:09:59] INFO: POST /user/register 400 - 3129.397 ms
[2025-03-02 13:10:25] INFO: POST /user/register 400 - 2462.801 ms
[2025-03-02 13:11:38] INFO: POST /user/register 400 - 1548.361 ms
[2025-03-02 13:12:38] INFO: POST /user/register 400 - 526.014 ms
[2025-03-02 13:13:40] INFO: POST /user/register 400 - 580.765 ms
[2025-03-02 13:16:00] INFO: POST /user/register 404 - undefined ms
[2025-03-02 13:16:24] INFO: POST /user/register 404 - undefined ms
[2025-03-02 13:20:30] INFO: POST /user/register 404 - undefined ms
