[2025-03-03 16:58:02] ERROR: You cannot initialize the status of the order. It is handled automatically by the system.
[2025-03-03 17:25:11] ERROR: You cannot initialize the status of the order. It is handled automatically by the system.
[2025-03-03 20:02:31] ERROR: Order not found for this user.
[2025-03-03 20:03:11] ERROR: Order not found for this user.
[2025-03-03 20:03:48] ERROR: Order not found for this user.
[2025-03-03 20:04:10] ERROR: Order not found for this user.
[2025-03-03 20:07:59] ERROR: Order not found for this user.
[2025-03-03 20:11:05] ERROR: Order is retrieved successfully.[2025-03-04 19:42:56] ERROR: No orders history found for this user.
[2025-03-04 19:46:17] ERROR: No orders history found for this user.
[2025-03-04 19:47:11] ERROR: No orders history found for this user.
[2025-03-04 20:15:12] ERROR: You aren't authorized to view this order as it isn't yours.
[2025-03-04 20:15:22] ERROR: No orders history found for this user.
[2025-03-04 20:19:01] ERROR: You aren't authorized to view this order as it isn't yours.
[2025-03-04 20:19:50] ERROR: You aren't authorized to view this order as it isn't yours.
[2025-03-04 20:26:15] ERROR: You aren't authorized to view this order as it isn't yours.
[2025-03-05 00:40:45] ERROR: You aren't authorized to view this order as it isn't yours.
[2025-03-05 00:45:45] ERROR: No orders history found for this user
[2025-03-05 00:46:47] ERROR: No orders history found for this user
[2025-03-05 00:47:13] ERROR: No orders history found for this user
[2025-03-05 00:47:22] ERROR: You aren't authorized to view this order as it isn't yours.
[2025-03-05 00:50:38] ERROR: You aren't authorized to view this order as it isn't yours.
[2025-03-05 00:54:09] ERROR: You aren't authorized to view this order as it isn't yours.
[2025-03-05 00:54:30] ERROR: You aren't authorized to view this order as it isn't yours.
[2025-03-05 00:59:07] ERROR: You aren't authorized to view this order as it isn't yours.
[2025-03-05 00:59:30] ERROR: You aren't authorized to view this order as it isn't yours.
[2025-03-05 01:14:11] ERROR: You aren't authorized to view this order as it isn't yours.
[2025-03-05 01:17:01] ERROR: You aren't authorized to view this order as it isn't yours.
[2025-03-05 01:40:50] ERROR: Order cannot be canceled as payment is already processed.
[2025-03-05 01:41:53] ERROR: Order is already canceled.
[2025-03-05 01:58:10] ERROR: Order is already canceled.
[2025-03-05 09:29:34] ERROR: You aren't authorized to view this order as it isn't yours.
[2025-03-05 10:59:16] ERROR: You aren't authorized to view this order as it isn't yours.
[2025-03-05 11:28:08] ERROR: You aren't authorized to view this order as it isn't yours.
[2025-03-05 19:57:02] ERROR: Order cannot be canceled as payment is already processed.
[2025-03-05 20:20:23] ERROR: Payment failed. Please try again.
[2025-03-05 20:20:36] ERROR: Payment failed. Please try again.
[2025-03-05 20:24:14] ERROR: Payment successful, order completed!
[2025-03-05 20:27:37] ERROR: Order cannot be canceled as payment is already processed.
[2025-03-05 20:29:21] ERROR: Order cannot be canceled as payment is already processed.
[2025-03-05 20:30:33] ERROR: Order cannot be canceled as payment is already processed.
[2025-03-05 20:31:01] ERROR: Order cannot be canceled as payment is already processed.
[2025-03-05 20:32:31] ERROR: Order cannot be canceled as payment is already processed.
[2025-03-05 20:33:40] ERROR: Order cannot be canceled as payment is already processed.
[2025-03-05 21:35:22] ERROR: Payment failed. Please try again.
[2025-03-05 21:40:20] ERROR: Payment failed. Please try again.
[2025-03-05 22:29:08] ERROR: Order is already canceled.
[2025-03-05 22:30:47] ERROR: Order is already canceled.
[2025-03-05 22:37:33] ERROR: Ypu already paid for this order before.
[2025-03-05 22:38:45] ERROR: You already paid for this order before.
