[2025-03-02 12:46:23] ERROR: new data doesnt follow schema
[2025-03-02 12:47:10] ERROR: new data doesnt follow schema
[2025-03-02 12:48:46] ERROR: new data doesnt follow schema
[2025-03-02 13:04:31] ERROR: Email already exists
[2025-03-02 13:07:11] ERROR: Email already exists
[2025-03-02 13:08:04] ERROR: Email already exists
[2025-03-02 13:08:06] ERROR: Email already exists
[2025-03-02 13:09:22] ERROR: Email already exists
[2025-03-02 13:09:59] ERROR: Email already exists
[2025-03-02 13:10:25] ERROR: Email already exists
[2025-03-02 13:11:38] ERROR: Email already exists
[2025-03-02 13:12:37] ERROR: Email already exists
[2025-03-02 13:13:39] ERROR: Email already exists
[2025-03-02 13:15:25] ERROR: Email already exists
[2025-03-02 13:16:00] ERROR: Email already exists
[2025-03-02 13:16:24] ERROR: Email already exists
[2025-03-02 13:16:54] ERROR: Email already exists
[2025-03-02 13:18:35] ERROR: Email already exists
[2025-03-02 13:20:30] ERROR: Email already exists
[2025-03-02 13:23:13] ERROR: Email already exists
[2025-03-02 13:23:55] ERROR: Email already exists
[2025-03-02 14:34:28] ERROR: Email already exists
[2025-03-02 14:35:29] ERROR: Email already exists
[2025-03-02 15:36:01] ERROR: Email already exists
[2025-03-02 15:36:46] ERROR: Email already exists
[2025-03-02 15:37:53] ERROR: Email already exists
[2025-03-02 19:32:36] ERROR: Email already exists
[2025-03-02 19:32:43] ERROR: Email already exists
[2025-03-02 19:35:54] ERROR: Email already exists
[2025-03-02 19:36:03] ERROR: Email already exists
[2025-03-02 19:36:07] ERROR: Email already exists
[2025-03-02 19:46:49] ERROR: Email already exists
[2025-03-02 21:17:52] ERROR: ❌ User does not exist.
[2025-03-02 21:18:37] ERROR: ❌ User does not exist.
[2025-03-02 21:18:59] ERROR: ❌ User does not exist.
[2025-03-02 21:24:38] ERROR: ❌ User does not exist.
[2025-03-02 21:29:33] ERROR: ❌ User does not exist.
[2025-03-02 21:34:11] ERROR: ❌ User does not exist.
[2025-03-02 22:06:56] ERROR: ❌ Access denied: No valid authentication token provided.
[2025-03-02 22:08:08] ERROR: ❌ Authentication failed: Incorrect password.
[2025-03-02 22:12:26] ERROR: ❌ Authentication failed: User with email "shaimaa@example.com" not found.
[2025-03-02 22:12:42] ERROR: ❌ Authentication failed: User with email "shaimaa@example.com" not found.
[2025-03-02 22:13:02] ERROR: ❌ Authentication failed: User with email shaimaa@example.com not found.
[2025-03-02 22:13:17] ERROR: ❌ Access denied: No valid authentication token provided.
