[2025-03-02 12:46:23] ERROR: new data doesnt follow schema
[2025-03-02 12:47:10] ERROR: new data doesnt follow schema
[2025-03-02 12:48:46] ERROR: new data doesnt follow schema
[2025-03-02 13:04:31] ERROR: Email already exists
[2025-03-02 13:07:11] ERROR: Email already exists
[2025-03-02 13:08:04] ERROR: Email already exists
[2025-03-02 13:08:06] ERROR: Email already exists
[2025-03-02 13:09:22] ERROR: Email already exists
[2025-03-02 13:09:59] ERROR: Email already exists
[2025-03-02 13:10:25] ERROR: Email already exists
[2025-03-02 13:11:38] ERROR: Email already exists
[2025-03-02 13:12:37] ERROR: Email already exists
[2025-03-02 13:13:39] ERROR: Email already exists
[2025-03-02 13:15:25] ERROR: Email already exists
[2025-03-02 13:16:00] ERROR: Email already exists
[2025-03-02 13:16:24] ERROR: Email already exists
[2025-03-02 13:16:54] ERROR: Email already exists
[2025-03-02 13:18:35] ERROR: Email already exists
[2025-03-02 13:20:30] ERROR: Email already exists
[2025-03-02 13:23:13] ERROR: Email already exists
[2025-03-02 13:23:55] ERROR: Email already exists
[2025-03-02 13:25:24] INFO: User added successfully
[2025-03-02 14:34:28] ERROR: Email already exists
[2025-03-02 14:35:29] ERROR: Email already exists
[2025-03-02 14:35:35] INFO: User added successfully
[2025-03-02 14:39:22] INFO: User added successfully
[2025-03-02 14:39:55] INFO: User added successfully
[2025-03-02 15:35:50] INFO: User added successfully
[2025-03-02 15:36:01] ERROR: Email already exists
[2025-03-02 15:36:07] INFO: User added successfully
[2025-03-02 15:36:46] ERROR: Email already exists
[2025-03-02 15:36:53] INFO: User added successfully
[2025-03-02 15:37:53] ERROR: Email already exists
[2025-03-02 15:38:06] INFO: User added successfully
[2025-03-02 19:32:36] ERROR: Email already exists
[2025-03-02 19:32:43] ERROR: Email already exists
[2025-03-02 19:35:54] ERROR: Email already exists
[2025-03-02 19:36:03] ERROR: Email already exists
[2025-03-02 19:36:07] ERROR: Email already exists
[2025-03-02 19:46:49] ERROR: Email already exists
[2025-03-02 20:39:46] INFO: User added successfully
[2025-03-02 20:40:13] INFO: User added successfully
[2025-03-02 20:45:19] INFO: undefined
[2025-03-02 20:48:54] INFO: undefined
[2025-03-02 20:50:46] INFO: undefined
[2025-03-02 20:50:52] INFO: undefined
[2025-03-02 20:51:03] INFO: undefined
[2025-03-02 20:51:20] INFO: undefined
[2025-03-02 20:52:09] [32MINFO[39M: undefined
[2025-03-02 20:52:18] [32MINFO[39M: undefined
[2025-03-02 20:54:31] INFO: undefined
[2025-03-02 20:54:47] INFO: undefined
[2025-03-02 20:56:25] INFO: undefined
[2025-03-02 21:11:16] INFO: undefined
[2025-03-02 21:12:08] INFO: undefined
[2025-03-02 21:13:28] INFO: johndoe21@example.com
[2025-03-02 21:14:03] INFO: johndoe21@example.com
[2025-03-02 21:16:33] INFO: johndoe21@example.com
[2025-03-02 21:17:17] INFO: johndoe21@example.com
[2025-03-02 21:17:50] INFO: johndoe21@example.com
[2025-03-02 21:17:52] ERROR: ❌ User does not exist.
[2025-03-02 21:18:36] INFO: johndoe21@example.com
[2025-03-02 21:18:37] ERROR: ❌ User does not exist.
[2025-03-02 21:18:57] INFO: johndoe21@example.com
[2025-03-02 21:18:59] ERROR: ❌ User does not exist.
[2025-03-02 21:24:38] INFO: johndoe21@example.com
[2025-03-02 21:24:38] ERROR: ❌ User does not exist.
[2025-03-02 21:25:42] INFO: @
[2025-03-02 21:26:28] INFO: @
[2025-03-02 21:26:46] INFO: @
[2025-03-02 21:27:23] INFO: ahmed@example.com
[2025-03-02 21:27:50] INFO: @
[2025-03-02 21:27:50] INFO: {
  _id: new ObjectId('67c45f3d3b8cba6a321e5298'),
  name: 'Ahmed',
  email: 'ahmed@example.com',
  password: 'StrongPass123',
  role: 'user',
  createdAt: 2025-03-02T13:38:05.990Z,
  updatedAt: 2025-03-02T19:27:50.127Z,
  __v: 0
}
[2025-03-02 21:29:33] ERROR: ❌ User does not exist.
[2025-03-02 21:33:32] INFO: 📝 Update request received for user ahmed@example.com
[2025-03-02 21:34:11] ERROR: ❌ User does not exist.
[2025-03-02 21:35:15] INFO: 📝 Update request received for user @
[2025-03-02 21:35:53] INFO: 📝 Update request received for user @
[2025-03-02 21:36:34] INFO: 📝 Update request received for user salem@example.com
[2025-03-02 21:48:34] INFO: 🎉 User login successful.
[2025-03-02 21:50:54] INFO: 🎉 User login successful.
[2025-03-02 21:53:29] INFO: 🎉 User login successful.
[2025-03-02 22:02:01] INFO: 📝 Update request received for user johndoe8@example.com
[2025-03-02 22:03:19] INFO: 📝 Update request received for user johndoe8@example.com
[2025-03-02 22:03:25] INFO: 📝 Update request received for user johndoe8@example.com
[2025-03-02 22:06:20] INFO: 📝 Update request received for user johndoe8@example.com
[2025-03-02 22:06:56] ERROR: ❌ Access denied: No valid authentication token provided.
[2025-03-02 22:07:26] INFO: 📝 Update request received for user johndoe22@example.com
[2025-03-02 22:07:34] INFO: 🎉 User login successful.
[2025-03-02 22:08:08] ERROR: ❌ Authentication failed: Incorrect password.
[2025-03-02 22:12:26] ERROR: ❌ Authentication failed: User with email "shaimaa@example.com" not found.
[2025-03-02 22:12:42] ERROR: ❌ Authentication failed: User with email "shaimaa@example.com" not found.
[2025-03-02 22:13:02] ERROR: ❌ Authentication failed: User with email shaimaa@example.com not found.
[2025-03-02 22:13:09] INFO: ✅ New user registered successfully.
[2025-03-02 22:13:12] INFO: 🎉 User login successful.
[2025-03-02 22:13:17] ERROR: ❌ Access denied: No valid authentication token provided.
[2025-03-02 22:13:39] INFO: 📝 Update request received for user shaimaa@example.com
[2025-03-02 22:13:54] INFO: 📝 Update request received for user shaimaa@example.com
